TN:
SF:tests\TestOperazioni.js
FN:2,(anonymous_0)
FN:3,(anonymous_1)
FN:4,(anonymous_2)
FN:5,(anonymous_3)
FN:11,(anonymous_4)
FNF:5
FNH:5
FNDA:1,(anonymous_0)
FNDA:1,(anonymous_1)
FNDA:1,(anonymous_2)
FNDA:1,(anonymous_3)
FNDA:2,(anonymous_4)
DA:2,1
DA:3,1
DA:4,1
DA:6,1
DA:7,1
DA:8,3
DA:9,1
DA:12,2
DA:13,2
DA:14,1
DA:15,1
DA:18,1
LF:12
LH:12
BRDA:13,0,0,1
BRDA:13,0,1,1
BRF:2
BRH:2
end_of_record
TN:
SF:tests\someModule.js
FN:1,concatenateStrings
FNF:1
FNH:1
FNDA:2,concatenateStrings
DA:2,2
DA:7,1
LF:2
LH:2
BRF:0
BRH:0
end_of_record
